INFO:root:--epoch: 400 --dataset: CIFAR10 --imb_factor:0.01 --feature_ratio:0.2 --diffusion_step:1000 (DDPM official)
INFO:root:Test performance on test set.
INFO:root:fc_norm = False in model config, fc_layer = nn.Linear
INFO:root:'none' given in ['ensemble_info']['name'], load regular network.
INFO:root:epoch: 0, the diffusion loss is 6.7705970637652335
INFO:root:epoch: 1, the diffusion loss is 0.753348591376324
INFO:root:epoch: 2, the diffusion loss is 0.7067659728381098
INFO:root:epoch: 3, the diffusion loss is 0.8972080641863297
INFO:root:epoch: 4, the diffusion loss is 0.8389432345117841
INFO:root:epoch: 5, the diffusion loss is 0.7152295015296157
INFO:root:epoch: 6, the diffusion loss is 0.6912071558893943
INFO:root:epoch: 7, the diffusion loss is 0.5630043526085056
INFO:root:epoch: 8, the diffusion loss is 0.5277496442502859
INFO:root:epoch: 9, the diffusion loss is 0.5351356505131235
INFO:root:epoch: 10, the diffusion loss is 0.6049809839044299
INFO:root:epoch: 11, the diffusion loss is 0.5398977763798772
INFO:root:epoch: 12, the diffusion loss is 0.5563292424289548
INFO:root:epoch: 13, the diffusion loss is 0.5363784754762844
INFO:root:epoch: 14, the diffusion loss is 0.5390907191500371
INFO:root:epoch: 15, the diffusion loss is 0.5084630202273933
INFO:root:epoch: 16, the diffusion loss is 0.520310035773686
INFO:root:epoch: 17, the diffusion loss is 0.5077599901325849
INFO:root:epoch: 18, the diffusion loss is 0.5050334243141875
INFO:root:epoch: 19, the diffusion loss is 0.5110733101562578
INFO:root:epoch: 20, the diffusion loss is 0.5314885444787084
INFO:root:epoch: 21, the diffusion loss is 0.4889987962586539
INFO:root:epoch: 22, the diffusion loss is 0.5701972915201771
INFO:root:epoch: 23, the diffusion loss is 0.48740836430569084
INFO:root:epoch: 24, the diffusion loss is 0.5039693220537536
INFO:root:epoch: 25, the diffusion loss is 0.49791778167899775
INFO:root:epoch: 26, the diffusion loss is 0.5208014274130062
INFO:root:epoch: 27, the diffusion loss is 0.49706885279441365
INFO:root:epoch: 28, the diffusion loss is 0.49041598366231337
INFO:root:epoch: 29, the diffusion loss is 0.5138210739408221
INFO:root:epoch: 30, the diffusion loss is 0.5068126503302126
INFO:root:epoch: 31, the diffusion loss is 0.4817034109514587
INFO:root:epoch: 32, the diffusion loss is 0.48930009104767624
INFO:root:epoch: 33, the diffusion loss is 0.4752481835229056
INFO:root:epoch: 34, the diffusion loss is 0.4899692079242395
INFO:root:epoch: 35, the diffusion loss is 0.48085272008058977
INFO:root:epoch: 36, the diffusion loss is 0.4738476653488315
INFO:root:epoch: 37, the diffusion loss is 0.4993650250288905
INFO:root:epoch: 38, the diffusion loss is 0.46781581701064595
INFO:root:epoch: 39, the diffusion loss is 0.47157880177303235
INFO:root:epoch: 40, the diffusion loss is 0.4827577970465835
INFO:root:epoch: 41, the diffusion loss is 0.49181394856803273
INFO:root:epoch: 42, the diffusion loss is 0.46758506614334727
INFO:root:epoch: 43, the diffusion loss is 0.4797952017005609
INFO:root:epoch: 44, the diffusion loss is 0.47876602837017607
INFO:root:epoch: 45, the diffusion loss is 0.4783029033213246
INFO:root:epoch: 46, the diffusion loss is 0.4699673707387885
INFO:root:epoch: 47, the diffusion loss is 0.47258285417848706
INFO:root:epoch: 48, the diffusion loss is 0.5033819572049745
INFO:root:epoch: 49, the diffusion loss is 0.4759279647651984
INFO:root:epoch: 50, the diffusion loss is 0.4664156436920166
INFO:root:epoch: 51, the diffusion loss is 0.4703891690896482
INFO:root:epoch: 52, the diffusion loss is 0.472888320684433
INFO:root:epoch: 53, the diffusion loss is 0.4590096528432807
INFO:root:epoch: 54, the diffusion loss is 0.47536615814481464
INFO:root:epoch: 55, the diffusion loss is 0.5171471414517383
INFO:root:epoch: 56, the diffusion loss is 0.46059373933441783
INFO:root:epoch: 57, the diffusion loss is 0.47106097851480755
INFO:root:epoch: 58, the diffusion loss is 0.46059656933862336
INFO:root:epoch: 59, the diffusion loss is 0.45772323559741585
INFO:root:epoch: 60, the diffusion loss is 0.46745982218761833
INFO:root:epoch: 61, the diffusion loss is 0.4637427457741329
INFO:root:epoch: 62, the diffusion loss is 0.4595480172001586
INFO:root:epoch: 63, the diffusion loss is 0.47669760730801797
INFO:root:epoch: 64, the diffusion loss is 0.45730628468552414
INFO:root:epoch: 65, the diffusion loss is 0.46093814956898593
INFO:root:epoch: 66, the diffusion loss is 0.47634512003587215
INFO:root:epoch: 67, the diffusion loss is 0.4553547014995497
INFO:root:epoch: 68, the diffusion loss is 0.4947119744456544
INFO:root:epoch: 69, the diffusion loss is 0.4588767204965864
INFO:root:epoch: 70, the diffusion loss is 0.46794855351350745
INFO:root:epoch: 71, the diffusion loss is 0.4478229186972793
INFO:root:epoch: 72, the diffusion loss is 0.4488835760525295
INFO:root:epoch: 73, the diffusion loss is 0.47508511677080273
INFO:root:epoch: 74, the diffusion loss is 0.45433363987475023
INFO:root:epoch: 75, the diffusion loss is 0.45676599595011497
INFO:root:epoch: 76, the diffusion loss is 0.4754968595748045
INFO:root:epoch: 77, the diffusion loss is 0.46062868286152275
INFO:root:epoch: 78, the diffusion loss is 0.4542325424904726
INFO:root:epoch: 79, the diffusion loss is 0.48575728584309014
INFO:root:epoch: 80, the diffusion loss is 0.4605313934841935
INFO:root:epoch: 81, the diffusion loss is 0.45028917947594
INFO:root:epoch: 82, the diffusion loss is 0.4462198955672128
INFO:root:epoch: 83, the diffusion loss is 0.455819484530663
INFO:root:epoch: 84, the diffusion loss is 0.44689292080548343
INFO:root:epoch: 85, the diffusion loss is 0.4497470496868601
INFO:root:epoch: 86, the diffusion loss is 0.45417702806239224
INFO:root:epoch: 87, the diffusion loss is 0.4447188474694077
INFO:root:epoch: 88, the diffusion loss is 0.4520708626630355
INFO:root:epoch: 89, the diffusion loss is 0.46952504953559565
INFO:root:epoch: 90, the diffusion loss is 0.43874927929469515
INFO:root:epoch: 91, the diffusion loss is 0.4379300183179427
INFO:root:epoch: 92, the diffusion loss is 0.4463528698804427
INFO:root:epoch: 93, the diffusion loss is 0.4458507512296949
INFO:root:epoch: 94, the diffusion loss is 0.4505604572442113
INFO:root:epoch: 95, the diffusion loss is 0.44705617367004863
INFO:root:epoch: 96, the diffusion loss is 0.43005962882723126
INFO:root:epoch: 97, the diffusion loss is 0.44537382588094593
INFO:root:epoch: 98, the diffusion loss is 0.43611112115334494
INFO:root:epoch: 99, the diffusion loss is 0.43549350694734223
INFO:root:epoch: 100, the diffusion loss is 0.443079912540864
INFO:root:epoch: 101, the diffusion loss is 0.442669614237182
INFO:root:epoch: 102, the diffusion loss is 0.4458203516444381
INFO:root:epoch: 103, the diffusion loss is 0.44236957722780657
INFO:root:epoch: 104, the diffusion loss is 0.4586271467257519
INFO:root:epoch: 105, the diffusion loss is 0.4381147154739925
INFO:root:epoch: 106, the diffusion loss is 0.44178524674201497
INFO:root:epoch: 107, the diffusion loss is 0.4352586013930185
INFO:root:epoch: 108, the diffusion loss is 0.4391595709080599
INFO:root:epoch: 109, the diffusion loss is 0.437474326211579
INFO:root:epoch: 110, the diffusion loss is 0.4388487807341984
INFO:root:epoch: 111, the diffusion loss is 0.433705316514385
INFO:root:epoch: 112, the diffusion loss is 0.44199667171556123
INFO:root:epoch: 113, the diffusion loss is 0.438985820935697
INFO:root:epoch: 114, the diffusion loss is 0.4403246136344209
INFO:root:epoch: 115, the diffusion loss is 0.4358910717526261
INFO:root:epoch: 116, the diffusion loss is 0.4247718398668328
INFO:root:epoch: 117, the diffusion loss is 0.4399362644370721
INFO:root:epoch: 118, the diffusion loss is 0.43927993032397056
INFO:root:epoch: 119, the diffusion loss is 0.4836273813734249
INFO:root:epoch: 120, the diffusion loss is 0.43017190329882565
INFO:root:epoch: 121, the diffusion loss is 0.42499464263721387
INFO:root:epoch: 122, the diffusion loss is 0.44359381953064275
INFO:root:epoch: 123, the diffusion loss is 0.4283490570224061
INFO:root:epoch: 124, the diffusion loss is 0.42503364292942747
INFO:root:epoch: 125, the diffusion loss is 0.5954179484017041
INFO:root:epoch: 126, the diffusion loss is 0.4464188005243029
INFO:root:epoch: 127, the diffusion loss is 0.4389232403161574
INFO:root:epoch: 128, the diffusion loss is 0.43425491999606697
INFO:root:epoch: 129, the diffusion loss is 0.4328668032373701
INFO:root:epoch: 130, the diffusion loss is 0.4374924320347455
INFO:root:epoch: 131, the diffusion loss is 0.4318736815939144
INFO:root:epoch: 132, the diffusion loss is 0.42635262073302754
INFO:root:epoch: 133, the diffusion loss is 0.4280386919877967
INFO:root:epoch: 134, the diffusion loss is 0.43229266757867774
INFO:root:epoch: 135, the diffusion loss is 0.4381085123334612
INFO:root:epoch: 136, the diffusion loss is 0.43168422944691714
INFO:root:epoch: 137, the diffusion loss is 0.42855303445640874
INFO:root:epoch: 138, the diffusion loss is 0.45304567716559585
INFO:root:epoch: 139, the diffusion loss is 0.44293076712258006
INFO:root:epoch: 140, the diffusion loss is 0.4270439628435641
INFO:root:epoch: 141, the diffusion loss is 0.42755037667799967
INFO:root:epoch: 142, the diffusion loss is 0.42482573037244836
INFO:root:epoch: 143, the diffusion loss is 0.4309062976009992
INFO:root:epoch: 144, the diffusion loss is 0.42620296016031384
INFO:root:epoch: 145, the diffusion loss is 0.427837716073406
INFO:root:epoch: 146, the diffusion loss is 0.4319947124743948
INFO:root:epoch: 147, the diffusion loss is 0.42972517317655134
INFO:root:epoch: 148, the diffusion loss is 0.4299289523338785
INFO:root:epoch: 149, the diffusion loss is 0.4391798991329816
INFO:root:epoch: 150, the diffusion loss is 0.42544558583473674
INFO:root:epoch: 151, the diffusion loss is 0.43028332749191595
INFO:root:epoch: 152, the diffusion loss is 0.4280250382666685
INFO:root:epoch: 153, the diffusion loss is 0.4275615026756209
INFO:root:epoch: 154, the diffusion loss is 0.4269149047987802
INFO:root:epoch: 155, the diffusion loss is 0.44129206513871955
INFO:root:epoch: 156, the diffusion loss is 0.42579962769333196
INFO:root:epoch: 157, the diffusion loss is 0.416790564449466
INFO:root:epoch: 158, the diffusion loss is 0.41492055082807733
INFO:root:epoch: 159, the diffusion loss is 0.4228296334646186
INFO:root:epoch: 160, the diffusion loss is 0.43033033366105994
INFO:root:epoch: 161, the diffusion loss is 0.4260761275583384
INFO:root:epoch: 162, the diffusion loss is 0.4231245018997971
INFO:root:epoch: 163, the diffusion loss is 0.4185002403599875
INFO:root:epoch: 164, the diffusion loss is 0.4235327474924983
INFO:root:epoch: 165, the diffusion loss is 0.42791011929512024
INFO:root:epoch: 166, the diffusion loss is 0.430294503971022
INFO:root:epoch: 167, the diffusion loss is 0.4367184736290757
INFO:root:epoch: 168, the diffusion loss is 0.4244385392081981
INFO:root:epoch: 169, the diffusion loss is 0.43069100015017453
INFO:root:epoch: 170, the diffusion loss is 0.41931229890609273
INFO:root:epoch: 171, the diffusion loss is 0.4190446716182086
INFO:root:epoch: 172, the diffusion loss is 0.4197652504152181
INFO:root:epoch: 173, the diffusion loss is 0.42183242768657453
INFO:root:epoch: 174, the diffusion loss is 0.4220060998079728
INFO:root:epoch: 175, the diffusion loss is 0.419856065998272
INFO:root:epoch: 176, the diffusion loss is 0.4198115315972542
INFO:root:epoch: 177, the diffusion loss is 0.42386557070576414
INFO:root:epoch: 178, the diffusion loss is 0.4145885724194196
INFO:root:epoch: 179, the diffusion loss is 0.41943652958286054
INFO:root:epoch: 180, the diffusion loss is 0.4410869144663519
INFO:root:epoch: 181, the diffusion loss is 0.4546356231582408
INFO:root:epoch: 182, the diffusion loss is 0.42360108786699724
INFO:root:epoch: 183, the diffusion loss is 0.45618086505909355
INFO:root:epoch: 184, the diffusion loss is 0.4200608359307659
INFO:root:epoch: 185, the diffusion loss is 0.423526155097144
INFO:root:epoch: 186, the diffusion loss is 0.4182973400670655
INFO:root:epoch: 187, the diffusion loss is 0.4160176077667548
INFO:root:epoch: 188, the diffusion loss is 0.41652156260548806
INFO:root:epoch: 189, the diffusion loss is 0.41583525830385637
INFO:root:epoch: 190, the diffusion loss is 0.41847017529059427
INFO:root:epoch: 191, the diffusion loss is 0.419205582871729
INFO:root:epoch: 192, the diffusion loss is 0.4233050279471339
INFO:root:epoch: 193, the diffusion loss is 0.41720068698026697
INFO:root:epoch: 194, the diffusion loss is 0.41585937568119596
INFO:root:epoch: 195, the diffusion loss is 0.4232591354117102
INFO:root:epoch: 196, the diffusion loss is 0.41925149122062993
INFO:root:epoch: 197, the diffusion loss is 0.43070271611213684
INFO:root:epoch: 198, the diffusion loss is 0.42156553085969417
INFO:root:epoch: 199, the diffusion loss is 0.4132540724715408
INFO:root:epoch: 200, the diffusion loss is 0.42171549979521306
INFO:root:the number of generated features is 2480
INFO:root:sampling batch:1024
INFO:root:sampling batch:1024
INFO:root:sampling batch:432
