INFO:root:--epoch: 400 --dataset: CIFAR10 --imb_factor:0.01 --feature_ratio:0.4 --diffusion_step:1000 (DDPM official)
INFO:root:Test performance on test set.
INFO:root:fc_norm = False in model config, fc_layer = nn.Linear
INFO:root:'none' given in ['ensemble_info']['name'], load regular network.
INFO:root:epoch: 0, the diffusion loss is 11.385689155179627
INFO:root:epoch: 1, the diffusion loss is 0.8772445631270506
INFO:root:epoch: 2, the diffusion loss is 0.8153699155972929
INFO:root:epoch: 3, the diffusion loss is 0.6674801944469919
INFO:root:epoch: 4, the diffusion loss is 0.5899395656828977
INFO:root:epoch: 5, the diffusion loss is 0.5965281335674987
INFO:root:epoch: 6, the diffusion loss is 0.5704765709079042
INFO:root:epoch: 7, the diffusion loss is 0.542438977226919
INFO:root:epoch: 8, the diffusion loss is 0.5317680312662708
INFO:root:epoch: 9, the diffusion loss is 0.5676333034525112
INFO:root:epoch: 10, the diffusion loss is 0.5298646293124374
INFO:root:epoch: 11, the diffusion loss is 0.5144835333434903
INFO:root:epoch: 12, the diffusion loss is 0.5375576347720866
INFO:root:epoch: 13, the diffusion loss is 0.520973665373666
INFO:root:epoch: 14, the diffusion loss is 0.5262190431964641
INFO:root:epoch: 15, the diffusion loss is 0.5175629379797955
INFO:root:epoch: 16, the diffusion loss is 0.5091453443984596
INFO:root:epoch: 17, the diffusion loss is 0.5023356371996354
INFO:root:epoch: 18, the diffusion loss is 0.5299152470364863
INFO:root:epoch: 19, the diffusion loss is 0.5232513534779452
INFO:root:epoch: 20, the diffusion loss is 0.49822565548273984
INFO:root:epoch: 21, the diffusion loss is 0.5223549397624269
INFO:root:epoch: 22, the diffusion loss is 0.5231849745828279
INFO:root:epoch: 23, the diffusion loss is 0.5064057774689733
INFO:root:epoch: 24, the diffusion loss is 0.4981400650374743
INFO:root:epoch: 25, the diffusion loss is 0.49651988428466176
INFO:root:epoch: 26, the diffusion loss is 0.5113820311974506
INFO:root:epoch: 27, the diffusion loss is 0.5047281086444855
INFO:root:epoch: 28, the diffusion loss is 0.49369863101414274
INFO:root:epoch: 29, the diffusion loss is 0.4905801822944563
INFO:root:epoch: 30, the diffusion loss is 0.4914033108828019
INFO:root:epoch: 31, the diffusion loss is 0.49441653003498
INFO:root:epoch: 32, the diffusion loss is 0.49673398416869496
INFO:root:epoch: 33, the diffusion loss is 0.47969300284677624
INFO:root:epoch: 34, the diffusion loss is 0.49175381538819296
INFO:root:epoch: 35, the diffusion loss is 0.4873250516093507
INFO:root:epoch: 36, the diffusion loss is 0.48215813904392474
INFO:root:epoch: 37, the diffusion loss is 0.48572894505092074
INFO:root:epoch: 38, the diffusion loss is 0.47438962240608373
INFO:root:epoch: 39, the diffusion loss is 0.49230179920488476
INFO:root:epoch: 40, the diffusion loss is 0.48866675885356203
INFO:root:epoch: 41, the diffusion loss is 0.490583638147432
INFO:root:epoch: 42, the diffusion loss is 0.4813576924557589
INFO:root:epoch: 43, the diffusion loss is 0.4826484468518471
INFO:root:epoch: 44, the diffusion loss is 0.48083326159691325
INFO:root:epoch: 45, the diffusion loss is 0.47578834879155063
INFO:root:epoch: 46, the diffusion loss is 0.49182288561548504
INFO:root:epoch: 47, the diffusion loss is 0.48159891002032224
INFO:root:epoch: 48, the diffusion loss is 0.5059518576884756
INFO:root:epoch: 49, the diffusion loss is 0.4740407649351626
INFO:root:epoch: 50, the diffusion loss is 0.4740036938871656
INFO:root:epoch: 51, the diffusion loss is 0.4986018289108666
INFO:root:epoch: 52, the diffusion loss is 0.4760165542972331
INFO:root:epoch: 53, the diffusion loss is 0.473199298187178
INFO:root:epoch: 54, the diffusion loss is 0.4834225658251315
INFO:root:epoch: 55, the diffusion loss is 0.4789858801024301
INFO:root:epoch: 56, the diffusion loss is 0.4670856899144698
INFO:root:epoch: 57, the diffusion loss is 0.46453955222149285
INFO:root:epoch: 58, the diffusion loss is 0.47808766304230205
INFO:root:epoch: 59, the diffusion loss is 0.4628775119781494
INFO:root:epoch: 60, the diffusion loss is 0.4701360938500385
INFO:root:epoch: 61, the diffusion loss is 0.48204380334640035
INFO:root:epoch: 62, the diffusion loss is 0.46325680248591367
INFO:root:epoch: 63, the diffusion loss is 0.4665555126812993
INFO:root:epoch: 64, the diffusion loss is 0.46199544412749155
INFO:root:epoch: 65, the diffusion loss is 0.4609536504258915
INFO:root:epoch: 66, the diffusion loss is 0.4588483596334652
INFO:root:epoch: 67, the diffusion loss is 0.4710497698005365
INFO:root:epoch: 68, the diffusion loss is 0.46876045696589413
INFO:root:epoch: 69, the diffusion loss is 0.4604363879378961
INFO:root:epoch: 70, the diffusion loss is 0.4601224375014402
INFO:root:epoch: 71, the diffusion loss is 0.4542615079149908
INFO:root:epoch: 72, the diffusion loss is 0.45880476126865466
INFO:root:epoch: 73, the diffusion loss is 0.4621202732835497
INFO:root:epoch: 74, the diffusion loss is 0.46143010927706346
INFO:root:epoch: 75, the diffusion loss is 0.453298956155777
INFO:root:epoch: 76, the diffusion loss is 0.45988234877586365
INFO:root:epoch: 77, the diffusion loss is 0.45738426033331425
INFO:root:epoch: 78, the diffusion loss is 0.45195750131899
INFO:root:epoch: 79, the diffusion loss is 0.4622965661846862
INFO:root:epoch: 80, the diffusion loss is 0.5859813842238212
INFO:root:epoch: 81, the diffusion loss is 0.4568906748781399
INFO:root:epoch: 82, the diffusion loss is 0.4493573958776435
INFO:root:epoch: 83, the diffusion loss is 0.45205384492874146
INFO:root:epoch: 84, the diffusion loss is 0.4516659628371803
INFO:root:epoch: 85, the diffusion loss is 0.45453821153056867
INFO:root:epoch: 86, the diffusion loss is 0.45099987728255136
INFO:root:epoch: 87, the diffusion loss is 0.4510408214160374
INFO:root:epoch: 88, the diffusion loss is 0.4520887501385747
INFO:root:epoch: 89, the diffusion loss is 0.4651622948597889
INFO:root:epoch: 90, the diffusion loss is 0.4484485059368367
INFO:root:epoch: 91, the diffusion loss is 0.4386678204244497
INFO:root:epoch: 92, the diffusion loss is 0.44649751879731003
INFO:root:epoch: 93, the diffusion loss is 0.44010227188772083
INFO:root:epoch: 94, the diffusion loss is 0.4698165582150829
INFO:root:epoch: 95, the diffusion loss is 0.4480296081426192
INFO:root:epoch: 96, the diffusion loss is 0.4369480190228443
INFO:root:epoch: 97, the diffusion loss is 0.4443382487005117
INFO:root:epoch: 98, the diffusion loss is 0.4382034120511036
INFO:root:epoch: 99, the diffusion loss is 0.43658494401951226
INFO:root:epoch: 100, the diffusion loss is 0.4424960242242229
INFO:root:epoch: 101, the diffusion loss is 0.44043221583171765
INFO:root:epoch: 102, the diffusion loss is 0.4473461873677312
INFO:root:epoch: 103, the diffusion loss is 0.44149987125883294
INFO:root:epoch: 104, the diffusion loss is 0.4434883259997076
INFO:root:epoch: 105, the diffusion loss is 0.4412856904827819
INFO:root:epoch: 106, the diffusion loss is 0.44555056642512886
INFO:root:epoch: 107, the diffusion loss is 0.43755507590819376
INFO:root:epoch: 108, the diffusion loss is 0.4445154259399492
INFO:root:epoch: 109, the diffusion loss is 0.43930490771118474
INFO:root:epoch: 110, the diffusion loss is 0.4360970611474952
INFO:root:epoch: 111, the diffusion loss is 0.4359687755302507
INFO:root:epoch: 112, the diffusion loss is 0.4429211373231849
INFO:root:epoch: 113, the diffusion loss is 0.4381253737576154
INFO:root:epoch: 114, the diffusion loss is 0.4401786461168406
INFO:root:epoch: 115, the diffusion loss is 0.4415849076241863
INFO:root:epoch: 116, the diffusion loss is 0.4289387300306437
INFO:root:epoch: 117, the diffusion loss is 0.44490061487470356
INFO:root:epoch: 118, the diffusion loss is 0.4409453747223835
INFO:root:epoch: 119, the diffusion loss is 0.44476868303454653
INFO:root:epoch: 120, the diffusion loss is 0.4290435490559559
INFO:root:epoch: 121, the diffusion loss is 0.43151506599114864
INFO:root:epoch: 122, the diffusion loss is 0.4395316893957099
INFO:root:epoch: 123, the diffusion loss is 0.4298074896238288
INFO:root:epoch: 124, the diffusion loss is 0.4241285926225234
INFO:root:epoch: 125, the diffusion loss is 0.4371182352912669
INFO:root:epoch: 126, the diffusion loss is 0.43213462951231973
INFO:root:epoch: 127, the diffusion loss is 0.42859919277989134
INFO:root:epoch: 128, the diffusion loss is 0.4353253896139106
INFO:root:epoch: 129, the diffusion loss is 0.43459892333770284
INFO:root:epoch: 130, the diffusion loss is 0.4351587849003928
INFO:root:epoch: 131, the diffusion loss is 0.42945039637234744
INFO:root:epoch: 132, the diffusion loss is 0.42337527992774027
INFO:root:epoch: 133, the diffusion loss is 0.42725427418339007
INFO:root:epoch: 134, the diffusion loss is 0.4376582320855588
INFO:root:epoch: 135, the diffusion loss is 0.4300486275127956
INFO:root:epoch: 136, the diffusion loss is 0.4258556767385833
INFO:root:epoch: 137, the diffusion loss is 0.4214304709921078
INFO:root:epoch: 138, the diffusion loss is 0.438817490728534
INFO:root:epoch: 139, the diffusion loss is 0.42130804001068584
INFO:root:epoch: 140, the diffusion loss is 0.42228337453336134
INFO:root:epoch: 141, the diffusion loss is 0.42238309614512387
INFO:root:epoch: 142, the diffusion loss is 0.4296805390289852
INFO:root:epoch: 143, the diffusion loss is 0.43519327591876594
INFO:root:epoch: 144, the diffusion loss is 0.42595273925333604
INFO:root:epoch: 145, the diffusion loss is 0.4308803002445065
INFO:root:epoch: 146, the diffusion loss is 0.42347184857543635
INFO:root:epoch: 147, the diffusion loss is 0.4254309711407642
INFO:root:epoch: 148, the diffusion loss is 0.42567343857823586
INFO:root:epoch: 149, the diffusion loss is 0.42560428502608316
INFO:root:epoch: 150, the diffusion loss is 0.4255920441783204
INFO:root:epoch: 151, the diffusion loss is 0.4240281180459626
INFO:root:epoch: 152, the diffusion loss is 0.42229090965524013
INFO:root:epoch: 153, the diffusion loss is 0.4227566719055176
INFO:root:epoch: 154, the diffusion loss is 0.4228817577264747
INFO:root:epoch: 155, the diffusion loss is 0.4298823372441895
INFO:root:epoch: 156, the diffusion loss is 0.4186562713311643
INFO:root:epoch: 157, the diffusion loss is 0.4259895353901143
INFO:root:epoch: 158, the diffusion loss is 0.41725435853004456
INFO:root:epoch: 159, the diffusion loss is 0.4165505493173794
INFO:root:epoch: 160, the diffusion loss is 0.4290469422632334
INFO:root:epoch: 161, the diffusion loss is 0.4251718101452808
INFO:root:epoch: 162, the diffusion loss is 0.4233200714296224
INFO:root:epoch: 163, the diffusion loss is 0.4151482344890127
INFO:root:epoch: 164, the diffusion loss is 0.4214539874573143
INFO:root:epoch: 165, the diffusion loss is 0.41724891504462885
INFO:root:epoch: 166, the diffusion loss is 0.42625641457888547
INFO:root:epoch: 167, the diffusion loss is 0.42366493478113293
INFO:root:epoch: 168, the diffusion loss is 0.41922532052409894
INFO:root:epoch: 169, the diffusion loss is 0.4164861446740676
INFO:root:epoch: 170, the diffusion loss is 0.4172675037870602
INFO:root:epoch: 171, the diffusion loss is 0.4139618143743398
INFO:root:epoch: 172, the diffusion loss is 0.41464640656296087
INFO:root:epoch: 173, the diffusion loss is 0.41736604182087644
INFO:root:epoch: 174, the diffusion loss is 0.4161108987671988
INFO:root:epoch: 175, the diffusion loss is 0.4302350635431251
INFO:root:epoch: 176, the diffusion loss is 0.41517420447602565
INFO:root:epoch: 177, the diffusion loss is 0.4130761599054142
INFO:root:epoch: 178, the diffusion loss is 0.4140430542887474
INFO:root:epoch: 179, the diffusion loss is 0.4181463122367859
INFO:root:epoch: 180, the diffusion loss is 0.4207754804163563
INFO:root:epoch: 181, the diffusion loss is 0.4196925558605973
INFO:root:epoch: 182, the diffusion loss is 0.42073744657088297
INFO:root:epoch: 183, the diffusion loss is 0.4184616627741833
INFO:root:epoch: 184, the diffusion loss is 0.41748657092756153
INFO:root:epoch: 185, the diffusion loss is 0.41671789300685025
INFO:root:epoch: 186, the diffusion loss is 0.4107895444850532
INFO:root:epoch: 187, the diffusion loss is 0.41116977832755264
INFO:root:epoch: 188, the diffusion loss is 0.4143305749309306
INFO:root:epoch: 189, the diffusion loss is 0.4127326644196802
INFO:root:epoch: 190, the diffusion loss is 0.4195891411937013
INFO:root:epoch: 191, the diffusion loss is 0.4152559741419189
INFO:root:epoch: 192, the diffusion loss is 0.42225880647192193
INFO:root:epoch: 193, the diffusion loss is 0.4107159753235019
INFO:root:epoch: 194, the diffusion loss is 0.41282158481831455
INFO:root:epoch: 195, the diffusion loss is 0.41822439736249495
INFO:root:epoch: 196, the diffusion loss is 0.41419401339122225
INFO:root:epoch: 197, the diffusion loss is 0.4237727687066915
INFO:root:epoch: 198, the diffusion loss is 0.4099062553473881
INFO:root:epoch: 199, the diffusion loss is 0.4133330334206017
INFO:root:epoch: 200, the diffusion loss is 0.423061407342249
INFO:root:the number of generated features is 4963
INFO:root:sampling batch:1024
INFO:root:sampling batch:1024
