INFO:root:--epoch: 400 --dataset: CIFAR100 --imb_factor:0.01 --feature_ratio:0.15 --diffusion_step:4000 (DDPM official)
INFO:root:Test performance on test set.
INFO:root:fc_norm = False in model config, fc_layer = nn.Linear
INFO:root:'none' given in ['ensemble_info']['name'], load regular network.
INFO:root:epoch: 0, the diffusion loss is 23.251112950402636
INFO:root:epoch: 1, the diffusion loss is 3.381665734357612
INFO:root:epoch: 2, the diffusion loss is 1.2985171828159066
INFO:root:epoch: 3, the diffusion loss is 1.075572171876597
INFO:root:epoch: 4, the diffusion loss is 1.0699020305345224
INFO:root:epoch: 5, the diffusion loss is 0.8603407172269599
INFO:root:epoch: 6, the diffusion loss is 0.8496581620948259
INFO:root:epoch: 7, the diffusion loss is 0.8550760080648023
INFO:root:epoch: 8, the diffusion loss is 0.8675794116286344
INFO:root:epoch: 9, the diffusion loss is 0.838490809119025
INFO:root:epoch: 10, the diffusion loss is 0.7799720292867616
INFO:root:epoch: 11, the diffusion loss is 0.7356869578361511
INFO:root:epoch: 12, the diffusion loss is 0.751118637794672
INFO:root:epoch: 13, the diffusion loss is 0.7022389700246412
INFO:root:epoch: 14, the diffusion loss is 0.7317685096762901
INFO:root:epoch: 15, the diffusion loss is 0.7077107568119847
INFO:root:epoch: 16, the diffusion loss is 0.7158917840137038
INFO:root:epoch: 17, the diffusion loss is 0.7085428681484488
INFO:root:epoch: 18, the diffusion loss is 0.7119038631749708
INFO:root:epoch: 19, the diffusion loss is 0.7397943028183871
INFO:root:epoch: 20, the diffusion loss is 0.7183156027350315
INFO:root:epoch: 21, the diffusion loss is 0.6749088999836944
INFO:root:epoch: 22, the diffusion loss is 0.682561763497286
INFO:root:epoch: 23, the diffusion loss is 0.7041727540104888
INFO:root:epoch: 24, the diffusion loss is 0.6890689231628595
INFO:root:epoch: 25, the diffusion loss is 0.6894374378891879
INFO:root:epoch: 26, the diffusion loss is 0.6747509116350219
INFO:root:epoch: 27, the diffusion loss is 0.7219329559525778
INFO:root:epoch: 28, the diffusion loss is 0.7064350469167843
INFO:root:epoch: 29, the diffusion loss is 0.7916224002838135
INFO:root:epoch: 30, the diffusion loss is 0.7125275398409644
INFO:root:epoch: 31, the diffusion loss is 0.666125759135845
INFO:root:epoch: 32, the diffusion loss is 0.6670950193737828
INFO:root:epoch: 33, the diffusion loss is 0.6954150712767313
INFO:root:epoch: 34, the diffusion loss is 0.6585415601730347
INFO:root:epoch: 35, the diffusion loss is 0.6763519533844882
