INFO:root:--epoch: 400 --dataset: CIFAR10 --imb_factor:0.1 --feature_ratio:0.4 --diffusion_step:1000 (DDPM official)
INFO:root:Test performance on test set.
INFO:root:fc_norm = False in model config, fc_layer = nn.Linear
INFO:root:'none' given in ['ensemble_info']['name'], load regular network.
INFO:root:epoch: 0, the diffusion loss is 5.3407874464988705
INFO:root:epoch: 1, the diffusion loss is 0.6401129331439733
INFO:root:epoch: 2, the diffusion loss is 0.6302478514611721
INFO:root:epoch: 3, the diffusion loss is 0.5560028657317162
INFO:root:epoch: 4, the diffusion loss is 0.585941418632865
INFO:root:epoch: 5, the diffusion loss is 0.5808074075728655
INFO:root:epoch: 6, the diffusion loss is 0.5494687732309103
INFO:root:epoch: 7, the diffusion loss is 0.5171308502554893
INFO:root:epoch: 8, the diffusion loss is 0.5385600063949824
INFO:root:epoch: 9, the diffusion loss is 0.5026303187012673
INFO:root:epoch: 10, the diffusion loss is 0.537952733784914
INFO:root:epoch: 11, the diffusion loss is 0.5061726279556751
INFO:root:epoch: 12, the diffusion loss is 0.5116194952279329
INFO:root:epoch: 13, the diffusion loss is 0.49876364320516586
INFO:root:epoch: 14, the diffusion loss is 0.5297746278345585
INFO:root:epoch: 15, the diffusion loss is 0.518043902143836
INFO:root:epoch: 16, the diffusion loss is 0.5212719641625881
INFO:root:epoch: 17, the diffusion loss is 0.49687807969748976
INFO:root:epoch: 18, the diffusion loss is 0.49689251706004145
INFO:root:epoch: 19, the diffusion loss is 0.5073309052735567
INFO:root:epoch: 20, the diffusion loss is 0.48759715668857095
INFO:root:epoch: 21, the diffusion loss is 0.49133075438439844
INFO:root:epoch: 22, the diffusion loss is 0.48901301957666876
INFO:root:epoch: 23, the diffusion loss is 0.49267276749014854
INFO:root:epoch: 24, the diffusion loss is 0.47881164476275445
INFO:root:epoch: 25, the diffusion loss is 0.48381636664271355
INFO:root:epoch: 26, the diffusion loss is 0.47577733509242537
INFO:root:epoch: 27, the diffusion loss is 0.4877004221081734
INFO:root:epoch: 28, the diffusion loss is 0.49901710748672484
INFO:root:epoch: 29, the diffusion loss is 0.4692528784275055
INFO:root:epoch: 30, the diffusion loss is 0.4778873812407255
INFO:root:epoch: 31, the diffusion loss is 0.4870608989149332
INFO:root:epoch: 32, the diffusion loss is 0.4735624574124813
INFO:root:epoch: 33, the diffusion loss is 0.48092667758464813
INFO:root:epoch: 34, the diffusion loss is 0.4625335618853569
INFO:root:epoch: 35, the diffusion loss is 0.4601978588849306
INFO:root:epoch: 36, the diffusion loss is 0.47927403934299945
INFO:root:epoch: 37, the diffusion loss is 0.47337107434868814
INFO:root:epoch: 38, the diffusion loss is 0.4547756690531969
INFO:root:epoch: 39, the diffusion loss is 0.46553715094923975
INFO:root:epoch: 40, the diffusion loss is 0.4658426731824875
INFO:root:epoch: 41, the diffusion loss is 0.46738132312893865
INFO:root:epoch: 42, the diffusion loss is 0.4586063180118799
INFO:root:epoch: 43, the diffusion loss is 0.4601303867995739
INFO:root:epoch: 44, the diffusion loss is 0.4624306809157133
INFO:root:epoch: 45, the diffusion loss is 0.449682467803359
INFO:root:epoch: 46, the diffusion loss is 0.45790426433086395
INFO:root:epoch: 47, the diffusion loss is 0.45293210335075856
INFO:root:epoch: 48, the diffusion loss is 0.4506358589977026
INFO:root:epoch: 49, the diffusion loss is 0.45362164489924905
INFO:root:epoch: 50, the diffusion loss is 0.4491586174815893
INFO:root:epoch: 51, the diffusion loss is 0.45536364838480947
INFO:root:epoch: 52, the diffusion loss is 0.4544844407588243
INFO:root:epoch: 53, the diffusion loss is 0.4480538126081228
INFO:root:epoch: 54, the diffusion loss is 0.4427951443940401
INFO:root:epoch: 55, the diffusion loss is 0.4444081574678421
INFO:root:epoch: 56, the diffusion loss is 0.44530416242778303
INFO:root:epoch: 57, the diffusion loss is 0.4415559969842434
INFO:root:epoch: 58, the diffusion loss is 0.44430666230618954
INFO:root:epoch: 59, the diffusion loss is 0.4423069875687361
INFO:root:epoch: 60, the diffusion loss is 0.44264074191451075
INFO:root:epoch: 61, the diffusion loss is 0.4465742986649275
INFO:root:epoch: 62, the diffusion loss is 0.44473976604640486
INFO:root:epoch: 63, the diffusion loss is 0.4410040251910686
INFO:root:epoch: 64, the diffusion loss is 0.4401897419244051
INFO:root:epoch: 65, the diffusion loss is 0.43384404480457306
INFO:root:epoch: 66, the diffusion loss is 0.43910042606294153
INFO:root:epoch: 67, the diffusion loss is 0.4406575374305248
INFO:root:epoch: 68, the diffusion loss is 0.4447599072009325
INFO:root:epoch: 69, the diffusion loss is 0.4285347979515791
INFO:root:epoch: 70, the diffusion loss is 0.4319416105747223
INFO:root:epoch: 71, the diffusion loss is 0.44392279125750067
INFO:root:epoch: 72, the diffusion loss is 0.4321084517985582
INFO:root:epoch: 73, the diffusion loss is 0.4309596762061119
INFO:root:epoch: 74, the diffusion loss is 0.43573118224740026
INFO:root:epoch: 75, the diffusion loss is 0.42799794748425485
INFO:root:epoch: 76, the diffusion loss is 0.43524681888520717
INFO:root:epoch: 77, the diffusion loss is 0.42682740949094294
INFO:root:epoch: 78, the diffusion loss is 0.42848303690552714
INFO:root:epoch: 79, the diffusion loss is 0.4287553295493126
INFO:root:epoch: 80, the diffusion loss is 0.4217775736004114
INFO:root:epoch: 81, the diffusion loss is 0.4304086811840534
INFO:root:epoch: 82, the diffusion loss is 0.42151864767074587
INFO:root:epoch: 83, the diffusion loss is 0.4258633077144623
INFO:root:epoch: 84, the diffusion loss is 0.4262271482497454
INFO:root:epoch: 85, the diffusion loss is 0.42589358761906626
INFO:root:epoch: 86, the diffusion loss is 0.4204025771468878
INFO:root:epoch: 87, the diffusion loss is 0.4293669376522303
INFO:root:epoch: 88, the diffusion loss is 0.421874874830246
INFO:root:epoch: 89, the diffusion loss is 0.42062680535018443
INFO:root:epoch: 90, the diffusion loss is 0.4243478264659643
INFO:root:epoch: 91, the diffusion loss is 0.4238777354359627
INFO:root:epoch: 92, the diffusion loss is 0.41927059590816496
INFO:root:epoch: 93, the diffusion loss is 0.41565662659704683
INFO:root:epoch: 94, the diffusion loss is 0.42301502972841265
INFO:root:epoch: 95, the diffusion loss is 0.4245258457958698
INFO:root:epoch: 96, the diffusion loss is 0.4205729901790619
INFO:root:epoch: 97, the diffusion loss is 0.41585916094481945
